# JRE version: Java(TM) SE Runtime Environment (21.0.3+7) (build 21.0.3+7-LTS-152)
# Java VM: Java HotSpot(TM) 64-Bit Server VM (21.0.3+7-LTS-152, mixed mode, sharing, tiered, compressed oops, compressed class ptrs, g1 gc, windows-amd64)
GC Precious Log:
 CardTable entry size: 512
 Card Set container configuration: InlinePtr #cards 5 size 8 Array Of Cards #cards 12 size 40 Howl #buckets 4 coarsen threshold 1843 Howl Bitmap #cards 512 size 80 coarsen threshold 460 Card regions per heap region 1 cards per card region 2048
 CPUs: 4 total, 4 available
 Memory: 3911M
 Large Page Support: Disabled
 NUMA Support: Disabled
 Compressed Oops: Enabled (32-bit)
 Heap Region Size: 1M
 Heap Min Capacity: 8M
 Heap Initial Capacity: 62M
 Heap Max Capacity: 978M
 Pre-touch: Disabled
 Parallel Workers: 4
 Concurrent Workers: 1
 Concurrent Refinement Workers: 4
 Periodic GC: Disabled
Heap:
 garbage-first heap   total 54272K, used 23908K [0x00000000c2e00000, 0x0000000100000000)
  region size 1024K, 5 young (5120K), 3 survivors (3072K)
 Metaspace       used 28459K, committed 28800K, reserved 1114112K
  class space    used 3238K, committed 3392K, reserved 1048576K
GC Heap History (18 events):
Event: 0.883 GC heap before
{Heap before GC invocations=0 (full 0):
 garbage-first heap   total 63488K, used 13312K [0x00000000c2e00000, 0x0000000100000000)
  region size 1024K, 13 young (13312K), 0 survivors (0K)
 Metaspace       used 3983K, committed 4160K, reserved 1114112K
  class space    used 414K, committed 512K, reserved 1048576K
}
Event: 0.890 GC heap after
{Heap after GC invocations=1 (full 0):
 garbage-first heap   total 63488K, used 3328K [0x00000000c2e00000, 0x0000000100000000)
  region size 1024K, 2 young (2048K), 2 survivors (2048K)
 Metaspace       used 3983K, committed 4160K, reserved 1114112K
  class space    used 414K, committed 512K, reserved 1048576K
}
Event: 1.284 GC heap before
{Heap before GC invocations=1 (full 0):
 garbage-first heap   total 63488K, used 17664K [0x00000000c2e00000, 0x0000000100000000)
  region size 1024K, 16 young (16384K), 2 survivors (2048K)
 Metaspace       used 6111K, committed 6336K, reserved 1114112K
  class space    used 706K, committed 832K, reserved 1048576K
}
Event: 1.290 GC heap after
{Heap after GC invocations=2 (full 0):
 garbage-first heap   total 63488K, used 4172K [0x00000000c2e00000, 0x0000000100000000)
  region size 1024K, 1 young (1024K), 1 survivors (1024K)
 Metaspace       used 6111K, committed 6336K, reserved 1114112K
  class space    used 706K, committed 832K, reserved 1048576K
}
Event: 2.651 GC heap before
{Heap before GC invocations=2 (full 0):
 garbage-first heap   total 63488K, used 41036K [0x00000000c2e00000, 0x0000000100000000)
  region size 1024K, 37 young (37888K), 1 survivors (1024K)
 Metaspace       used 12514K, committed 12736K, reserved 1114112K
  class space    used 1521K, committed 1600K, reserved 1048576K
}
Event: 2.659 GC heap after
{Heap after GC invocations=3 (full 0):
 garbage-first heap   total 63488K, used 6716K [0x00000000c2e00000, 0x0000000100000000)
  region size 1024K, 4 young (4096K), 4 survivors (4096K)
 Metaspace       used 12514K, committed 12736K, reserved 1114112K
  class space    used 1521K, committed 1600K, reserved 1048576K
}
Event: 3.987 GC heap before
{Heap before GC invocations=3 (full 0):
 garbage-first heap   total 63488K, used 40508K [0x00000000c2e00000, 0x0000000100000000)
  region size 1024K, 37 young (37888K), 4 survivors (4096K)
 Metaspace       used 16649K, committed 16896K, reserved 1114112K
  class space    used 1957K, committed 2048K, reserved 1048576K
}
Event: 3.999 GC heap after
{Heap after GC invocations=4 (full 0):
 garbage-first heap   total 63488K, used 9727K [0x00000000c2e00000, 0x0000000100000000)
  region size 1024K, 3 young (3072K), 3 survivors (3072K)
 Metaspace       used 16649K, committed 16896K, reserved 1114112K
  class space    used 1957K, committed 2048K, reserved 1048576K
}
Event: 4.767 GC heap before
{Heap before GC invocations=4 (full 0):
 garbage-first heap   total 63488K, used 23039K [0x00000000c2e00000, 0x0000000100000000)
  region size 1024K, 17 young (17408K), 3 survivors (3072K)
 Metaspace       used 21166K, committed 21504K, reserved 1114112K
  class space    used 2512K, committed 2688K, reserved 1048576K
}
Event: 4.776 GC heap after
{Heap after GC invocations=5 (full 0):
 garbage-first heap   total 63488K, used 11553K [0x00000000c2e00000, 0x0000000100000000)
  region size 1024K, 2 young (2048K), 2 survivors (2048K)
 Metaspace       used 21166K, committed 21504K, reserved 1114112K
  class space    used 2512K, committed 2688K, reserved 1048576K
}
Event: 5.769 GC heap before
{Heap before GC invocations=6 (full 0):
 garbage-first heap   total 45056K, used 36129K [0x00000000c2e00000, 0x0000000100000000)
  region size 1024K, 26 young (26624K), 2 survivors (2048K)
 Metaspace       used 25499K, committed 25920K, reserved 1114112K
  class space    used 2960K, committed 3136K, reserved 1048576K
}
Event: 5.785 GC heap after
{Heap after GC invocations=7 (full 0):
 garbage-first heap   total 45056K, used 16355K [0x00000000c2e00000, 0x0000000100000000)
  region size 1024K, 4 young (4096K), 4 survivors (4096K)
 Metaspace       used 25499K, committed 25920K, reserved 1114112K
  class space    used 2960K, committed 3136K, reserved 1048576K
}
Event: 6.436 GC heap before
{Heap before GC invocations=7 (full 0):
 garbage-first heap   total 45056K, used 35811K [0x00000000c2e00000, 0x0000000100000000)
  region size 1024K, 22 young (22528K), 4 survivors (4096K)
 Metaspace       used 26804K, committed 27136K, reserved 1114112K
  class space    used 3094K, committed 3264K, reserved 1048576K
}
Event: 6.452 GC heap after
{Heap after GC invocations=8 (full 0):
 garbage-first heap   total 45056K, used 20286K [0x00000000c2e00000, 0x0000000100000000)
  region size 1024K, 3 young (3072K), 3 survivors (3072K)
 Metaspace       used 26804K, committed 27136K, reserved 1114112K
  class space    used 3094K, committed 3264K, reserved 1048576K
}
Event: 7.326 GC heap before
{Heap before GC invocations=8 (full 0):
 garbage-first heap   total 45056K, used 36670K [0x00000000c2e00000, 0x0000000100000000)
  region size 1024K, 19 young (19456K), 3 survivors (3072K)
 Metaspace       used 27626K, committed 28032K, reserved 1114112K
  class space    used 3165K, committed 3328K, reserved 1048576K
}
Event: 7.335 GC heap after
{Heap after GC invocations=9 (full 0):
 garbage-first heap   total 45056K, used 22089K [0x00000000c2e00000, 0x0000000100000000)
  region size 1024K, 2 young (2048K), 2 survivors (2048K)
 Metaspace       used 27626K, committed 28032K, reserved 1114112K
  class space    used 3165K, committed 3328K, reserved 1048576K
}
Event: 8.175 GC heap before
{Heap before GC invocations=9 (full 0):
 garbage-first heap   total 45056K, used 37449K [0x00000000c2e00000, 0x0000000100000000)
  region size 1024K, 17 young (17408K), 2 survivors (2048K)
 Metaspace       used 28079K, committed 28480K, reserved 1114112K
  class space    used 3195K, committed 3392K, reserved 1048576K
}
Event: 8.182 GC heap after
{Heap after GC invocations=10 (full 0):
 garbage-first heap   total 54272K, used 22884K [0x00000000c2e00000, 0x0000000100000000)
  region size 1024K, 3 young (3072K), 3 survivors (3072K)
 Metaspace       used 28079K, committed 28480K, reserved 1114112K
  class space    used 3195K, committed 3392K, reserved 1048576K
}

